<?xml version="1.0" encoding="UTF-8"?>
<!-- Generated by org.testng.reporters.JUnitReportReporter -->
<testsuite hostname="DESKTOP-PUNO4FH" name="automation.sample.Sample" tests="1" failures="0" timestamp="7 Oct 2018 15:10:43 GMT" time="17.123" errors="0">
  <testcase name="launchBrowser" time="17.123" classname="automation.sample.Sample"/>
</testsuite> <!-- automation.sample.Sample -->
